app/build/outputs/logs/manifest-merger-debug-report.txt
-- Merging decision tree log ---
manifest
ADDED from src/main/AndroidManifest.xml:2:1-37:12
	package
		ADDED from src/main/AndroidManifest.xml:3:11-39
		INJECTED from src/main/AndroidManifest.xml
		INJECTED from src/main/AndroidManifest.xml
	android:versionName
		ADDED from src/main/AndroidManifest.xml:5:11-36
	android:versionCode
		ADDED from src/main/AndroidManifest.xml:4:11-34
		INJECTED from src/main/AndroidManifest.xml
		INJECTED from src/main/AndroidManifest.xml
	xmlns:android
		ADDED from src/main/AndroidManifest.xml:2:11-69
uses-sdk
ADDED from src/main/AndroidManifest.xml:6:5-8:41
	android:targetSdkVersion
		ADDED from src/main/AndroidManifest.xml:8:9-38
		INJECTED from src/main/AndroidManifest.xml
		INJECTED from src/main/AndroidManifest.xml
	android:minSdkVersion
		ADDED from src/main/AndroidManifest.xml:7:9-35
		INJECTED from src/main/AndroidManifest.xml
		INJECTED from src/main/AndroidManifest.xml
uses-permission#android.permission.WAKE_LOCK
ADDED from src/main/AndroidManifest.xml:10:5-67
	android:name
		ADDED from src/main/AndroidManifest.xml:10:22-65
application
ADDED from src/main/AndroidManifest.xml:11:5-36:19
	android:label
		ADDED from src/main/AndroidManifest.xml:12:9-41
	android:icon
		ADDED from src/main/AndroidManifest.xml:13:9-45
activity#com.barabanov.mc24.MyActivity
ADDED from src/main/AndroidManifest.xml:15:8-21:20
	android:label
		ADDED from src/main/AndroidManifest.xml:16:19-51
	android:name
		ADDED from src/main/AndroidManifest.xml:15:18-43
intent-filter#android.intent.action.MAIN+android.intent.category.LAUNCHER
ADDED from src/main/AndroidManifest.xml:17:13-20:29
action#android.intent.action.MAIN
ADDED from src/main/AndroidManifest.xml:18:16-67
	android:name
		ADDED from src/main/AndroidManifest.xml:18:24-65
category#android.intent.category.LAUNCHER
ADDED from src/main/AndroidManifest.xml:19:17-76
	android:name
		ADDED from src/main/AndroidManifest.xml:19:27-74
receiver#com.barabanov.mc24.ClockWidgetProvider
ADDED from src/main/AndroidManifest.xml:23:9-34:20
	android:label
		ADDED from src/main/AndroidManifest.xml:25:19-54
	android:icon
		ADDED from src/main/AndroidManifest.xml:24:19-55
	android:name
		ADDED from src/main/AndroidManifest.xml:23:19-54
intent-filter#android.appwidget.action.APPWIDGET_DELETED+android.appwidget.action.APPWIDGET_DISABLED+android.appwidget.action.APPWIDGET_ENABLED+android.appwidget.action.APPWIDGET_UPDATE+com.barabanov.mc24.CLOCK_UPDATE
ADDED from src/main/AndroidManifest.xml:26:13-32:29
action#android.appwidget.action.APPWIDGET_ENABLED
ADDED from src/main/AndroidManifest.xml:27:17-85
	android:name
		ADDED from src/main/AndroidManifest.xml:27:25-82
action#android.appwidget.action.APPWIDGET_DISABLED
ADDED from src/main/AndroidManifest.xml:28:17-86
	android:name
		ADDED from src/main/AndroidManifest.xml:28:25-83
action#android.appwidget.action.APPWIDGET_DELETED
ADDED from src/main/AndroidManifest.xml:29:17-85
	android:name
		ADDED from src/main/AndroidManifest.xml:29:25-82
action#android.appwidget.action.APPWIDGET_UPDATE
ADDED from src/main/AndroidManifest.xml:30:17-84
	android:name
		ADDED from src/main/AndroidManifest.xml:30:25-81
action#com.barabanov.mc24.CLOCK_UPDATE
ADDED from src/main/AndroidManifest.xml:31:17-73
	android:name
		ADDED from src/main/AndroidManifest.xml:31:25-71
meta-data#android.appwidget.provider
ADDED from src/main/AndroidManifest.xml:33:13-105
	android:resource
		ADDED from src/main/AndroidManifest.xml:33:66-102
	android:name
		ADDED from src/main/AndroidManifest.xml:33:24-65
receiver#com.barabanov.mc24.AlarmManagerBroadcastReceiver
ADDED from src/main/AndroidManifest.xml:35:9-66
	android:name
		ADDED from src/main/AndroidManifest.xml:35:19-64